#
# There is insufficient memory for the Java Runtime Environment to continue.
# Native memory allocation (malloc) failed to allocate 461456 bytes. Error detail: Chunk::new
# Possible reasons:
#   The system is out of physical RAM or swap space
#   This process is running with CompressedOops enabled, and the Java Heap may be blocking the growth of the native heap
# Possible solutions:
#   Reduce memory load on the system
#   Increase physical memory or swap space
#   Check if swap backing store is full
#   Decrease Java heap size (-Xmx/-Xms)
#   Decrease number of Java threads
#   Decrease Java thread stack sizes (-Xss)
#   Set larger code cache with -XX:ReservedCodeCacheSize=
#   JVM is running with Unscaled Compressed Oops mode in which the Java heap is
#     placed in the first 4GB address space. The Java Heap base address is the
#     maximum limit for the native heap growth. Please use -XX:HeapBaseMinAddress
#     to set the Java Heap base and to place the Java Heap above 4GB virtual address.
# This output file may be truncated or incomplete.
#
#  Out of Memory Error (arena.cpp:168), pid=35444, tid=37672
#
# JRE version: OpenJDK Runtime Environment Temurin-21.0.9+10 (21.0.9+10) (build 21.0.9+10-LTS)
# Java VM: OpenJDK 64-Bit Server VM Temurin-21.0.9+10 (21.0.9+10-LTS, mixed mode, sharing, tiered, compressed oops, compressed class ptrs, parallel gc, windows-amd64)
# No core dump will be written. Minidumps are not enabled by default on client versions of Windows
#

---------------  S U M M A R Y ------------

Command Line: --add-modules=ALL-SYSTEM --add-opens=java.base/java.util=ALL-UNNAMED --add-opens=java.base/java.lang=ALL-UNNAMED --add-opens=java.base/sun.nio.fs=ALL-UNNAMED -Declipse.application=org.eclipse.jdt.ls.core.id1 -Dosgi.bundles.defaultStartLevel=4 -Declipse.product=org.eclipse.jdt.ls.core.product -Djava.import.generatesMetadataFilesAtProjectRoot=false -DDetectVMInstallationsJob.disabled=true -Dfile.encoding=utf8 -XX:+UseParallelGC -XX:GCTimeRatio=4 -XX:AdaptiveSizePolicyWeight=90 -Dsun.zip.disableMemoryMapping=true -Xmx2G -Xms100m -Xlog:disable -javaagent:c:\Users\hp\.vscode\extensions\redhat.java-1.50.0-win32-x64\lombok\lombok-1.18.39-4050.jar -XX:+HeapDumpOnOutOfMemoryError -XX:HeapDumpPath=c:\Users\hp\AppData\Roaming\Code\User\workspaceStorage\7932a99f4691267cba385edcc2153a8b\redhat.java -Daether.dependencyCollector.impl=bf c:\Users\hp\.vscode\extensions\redhat.java-1.50.0-win32-x64\server\plugins\org.eclipse.equinox.launcher_1.7.100.v20251111-0406.jar -configuration c:\Users\hp\AppData\Roaming\Code\User\globalStorage\redhat.java\1.50.0\config_win -data c:\Users\hp\AppData\Roaming\Code\User\workspaceStorage\7932a99f4691267cba385edcc2153a8b\redhat.java\jdt_ws --pipe=\\.\pipe\lsp-1034213596645cf70c4914faa9d3767b-sock

Host: AMD Ryzen 5 3500U with Radeon Vega Mobile Gfx  , 8 cores, 5G,  Windows 11 , 64 bit Build 22621 (10.0.22621.5415)
Time: Wed Dec 17 23:16:49 2025 elapsed time: 32.805729 seconds (0d 0h 0m 32s)

---------------  T H R E A D  ---------------

Current thread (0x00000269a7c9acf0):  JavaThread "C2 CompilerThread0" daemon [_thread_in_native, id=37672, stack(0x000000ce18700000,0x000000ce18800000) (1024K)]


Current CompileTask:
C2:32805 3993       4       sun.util.locale.BaseLocale::getInstance (150 bytes)

Stack: [0x000000ce18700000,0x000000ce18800000]
Native frames: (J=compiled Java code, j=interpreted, Vv=VM code, C=native code)
V  [jvm.dll+0x6d6e29]
V  [jvm.dll+0x8b4b76]
V  [jvm.dll+0x8b712e]
V  [jvm.dll+0x8b7813]
V  [jvm.dll+0x283d86]
V  [jvm.dll+0xc66ed]
V  [jvm.dll+0xc6c31]
V  [jvm.dll+0x3be501]
V  [jvm.dll+0x38ab92]
V  [jvm.dll+0x389fda]
V  [jvm.dll+0x24bfa0]
V  [jvm.dll+0x24b580]
V  [jvm.dll+0x1cb13e]
V  [jvm.dll+0x25b29d]
V  [jvm.dll+0x25982a]
V  [jvm.dll+0x3f7ea6]
V  [jvm.dll+0x85e9ad]
V  [jvm.dll+0x6d565d]
C  [ucrtbase.dll+0x29333]
C  [KERNEL32.DLL+0x1259d]
C  [ntdll.dll+0x5af78]


---------------  P R O C E S S  ---------------

Threads class SMR info:
_java_thread_list=0x00000269efa7dfa0, length=21, elements={
0x0000026991226220, 0x00000269a7c8de70, 0x00000269a7c910f0, 0x00000269a7c92610,
0x00000269a7c93520, 0x00000269a7c96200, 0x00000269a7c97e60, 0x00000269a7c9acf0,
0x00000269a7cc9830, 0x00000269ea77f600, 0x00000269ea840470, 0x00000269ef32e400,
0x00000269ef30b6b0, 0x00000269ef35af60, 0x00000269ef74c770, 0x00000269ea745500,
0x00000269ef431000, 0x00000269ef384f70, 0x00000269ef9bdd30, 0x00000269ef8bf440,
0x00000269ef8be090
}

Java Threads: ( => current thread )
  0x0000026991226220 JavaThread "main"                              [_thread_blocked, id=13500, stack(0x000000ce17d00000,0x000000ce17e00000) (1024K)]
  0x00000269a7c8de70 JavaThread "Reference Handler"          daemon [_thread_blocked, id=17084, stack(0x000000ce18100000,0x000000ce18200000) (1024K)]
  0x00000269a7c910f0 JavaThread "Finalizer"                  daemon [_thread_blocked, id=2712, stack(0x000000ce18200000,0x000000ce18300000) (1024K)]
  0x00000269a7c92610 JavaThread "Signal Dispatcher"          daemon [_thread_blocked, id=26068, stack(0x000000ce18300000,0x000000ce18400000) (1024K)]
  0x00000269a7c93520 JavaThread "Attach Listener"            daemon [_thread_blocked, id=13140, stack(0x000000ce18400000,0x000000ce18500000) (1024K)]
  0x00000269a7c96200 JavaThread "Service Thread"             daemon [_thread_blocked, id=27944, stack(0x000000ce18500000,0x000000ce18600000) (1024K)]
  0x00000269a7c97e60 JavaThread "Monitor Deflation Thread"   daemon [_thread_blocked, id=31064, stack(0x000000ce18600000,0x000000ce18700000) (1024K)]
=>0x00000269a7c9acf0 JavaThread "C2 CompilerThread0"         daemon [_thread_in_native, id=37672, stack(0x000000ce18700000,0x000000ce18800000) (1024K)]
  0x00000269a7cc9830 JavaThread "C1 CompilerThread0"         daemon [_thread_blocked, id=28764, stack(0x000000ce18800000,0x000000ce18900000) (1024K)]
  0x00000269ea77f600 JavaThread "Common-Cleaner"             daemon [_thread_blocked, id=10664, stack(0x000000ce18900000,0x000000ce18a00000) (1024K)]
  0x00000269ea840470 JavaThread "Notification Thread"        daemon [_thread_blocked, id=28992, stack(0x000000ce18a00000,0x000000ce18b00000) (1024K)]
  0x00000269ef32e400 JavaThread "Active Thread: Equinox Container: cbd4ed9f-9b72-4701-821e-3c9d36f98b1f"        [_thread_blocked, id=21088, stack(0x000000ce19100000,0x000000ce19200000) (1024K)]
  0x00000269ef30b6b0 JavaThread "Refresh Thread: Equinox Container: cbd4ed9f-9b72-4701-821e-3c9d36f98b1f" daemon [_thread_blocked, id=36600, stack(0x000000ce19200000,0x000000ce19300000) (1024K)]
  0x00000269ef35af60 JavaThread "Framework Event Dispatcher: Equinox Container: cbd4ed9f-9b72-4701-821e-3c9d36f98b1f" daemon [_thread_blocked, id=26192, stack(0x000000ce19400000,0x000000ce19500000) (1024K)]
  0x00000269ef74c770 JavaThread "Start Level: Equinox Container: cbd4ed9f-9b72-4701-821e-3c9d36f98b1f" daemon [_thread_in_native, id=24800, stack(0x000000ce19500000,0x000000ce19600000) (1024K)]
  0x00000269ea745500 JavaThread "Bundle File Closer"         daemon [_thread_blocked, id=23072, stack(0x000000ce19600000,0x000000ce19700000) (1024K)]
  0x00000269ef431000 JavaThread "SCR Component Actor"        daemon [_thread_blocked, id=21812, stack(0x000000ce19700000,0x000000ce19800000) (1024K)]
  0x00000269ef384f70 JavaThread "Worker-JM"                         [_thread_blocked, id=31588, stack(0x000000ce19800000,0x000000ce19900000) (1024K)]
  0x00000269ef9bdd30 JavaThread "JNA Cleaner"                daemon [_thread_blocked, id=37120, stack(0x000000ce19900000,0x000000ce19a00000) (1024K)]
  0x00000269ef8bf440 JavaThread "Worker-0: Repository registry initialization"        [_thread_in_vm, id=20296, stack(0x000000ce19a00000,0x000000ce19b00000) (1024K)]
  0x00000269ef8be090 JavaThread "Worker-1"                          [_thread_blocked, id=15112, stack(0x000000ce19b00000,0x000000ce19c00000) (1024K)]
Total: 21

Other Threads:
  0x00000269912de9c0 VMThread "VM Thread"                           [id=21036, stack(0x000000ce18000000,0x000000ce18100000) (1024K)]
  0x00000269a7baca00 WatcherThread "VM Periodic Task Thread"        [id=14744, stack(0x000000ce17f00000,0x000000ce18000000) (1024K)]
  0x0000026991244190 WorkerThread "GC Thread#0"                     [id=2888, stack(0x000000ce17e00000,0x000000ce17f00000) (1024K)]
  0x00000269ef46e010 WorkerThread "GC Thread#1"                     [id=12008, stack(0x000000ce18b00000,0x000000ce18c00000) (1024K)]
  0x00000269ef052770 WorkerThread "GC Thread#2"                     [id=30152, stack(0x000000ce18c00000,0x000000ce18d00000) (1024K)]
  0x00000269ef286e70 WorkerThread "GC Thread#3"                     [id=3048, stack(0x000000ce18d00000,0x000000ce18e00000) (1024K)]
  0x00000269ef287210 WorkerThread "GC Thread#4"                     [id=37136, stack(0x000000ce18e00000,0x000000ce18f00000) (1024K)]
  0x00000269ef2875b0 WorkerThread "GC Thread#5"                     [id=4352, stack(0x000000ce18f00000,0x000000ce19000000) (1024K)]
  0x00000269ef286ad0 WorkerThread "GC Thread#6"                     [id=276, stack(0x000000ce19000000,0x000000ce19100000) (1024K)]
  0x00000269ef287950 WorkerThread "GC Thread#7"                     [id=34752, stack(0x000000ce19300000,0x000000ce19400000) (1024K)]
Total: 10

Threads with active compile tasks:
C2 CompilerThread0  32849 3993       4       sun.util.locale.BaseLocale::getInstance (150 bytes)
Total: 1

VM state: not at safepoint (normal execution)

VM Mutex/Monitor currently owned by a thread: None

OutOfMemory and StackOverflow Exception counts:
StackOverflowErrors=1
LinkageErrors=83

Heap address: 0x0000000080000000, size: 2048 MB, Compressed Oops mode: 32-bit

CDS archive(s) mapped at: [0x00000269a8000000-0x00000269a8ba0000-0x00000269a8ba0000), size 12189696, SharedBaseAddress: 0x00000269a8000000, ArchiveRelocationMode: 1.
Compressed class space mapped at: 0x00000269a9000000-0x00000269e9000000, reserved size: 1073741824
Narrow klass base: 0x00000269a8000000, Narrow klass shift: 0, Narrow klass range: 0x100000000

GC Precious Log:
 CardTable entry size: 512
 CPUs: 8 total, 8 available
 Memory: 6071M
 Large Page Support: Disabled
 NUMA Support: Disabled
 Compressed Oops: Enabled (32-bit)
 Alignments: Space 512K, Generation 512K, Heap 2M
 Heap Min Capacity: 100M
 Heap Initial Capacity: 100M
 Heap Max Capacity: 2G
 Pre-touch: Disabled
 Parallel Workers: 8

Heap:
 PSYoungGen      total 25600K, used 18090K [0x00000000d5580000, 0x00000000d7400000, 0x0000000100000000)
  eden space 24064K, 70% used [0x00000000d5580000,0x00000000d6613780,0x00000000d6d00000)
  from space 1536K, 72% used [0x00000000d7280000,0x00000000d7397468,0x00000000d7400000)
  to   space 2560K, 0% used [0x00000000d6f00000,0x00000000d6f00000,0x00000000d7180000)
 ParOldGen       total 68608K, used 12370K [0x0000000080000000, 0x0000000084300000, 0x00000000d5580000)
  object space 68608K, 18% used [0x0000000080000000,0x0000000080c14990,0x0000000084300000)
 Metaspace       used 25285K, committed 26240K, reserved 1114112K
  class space    used 2598K, committed 3008K, reserved 1048576K

Card table byte_map: [0x0000026990bf0000,0x0000026991000000] _byte_map_base: 0x00000269907f0000

Marking Bits: (ParMarkBitMap*) 0x00007ffc156e2460
 Begin Bits: [0x00000269a36d0000, 0x00000269a56d0000)
 End Bits:   [0x00000269a56d0000, 0x00000269a76d0000)

Polling page: 0x00000269909e0000

Metaspace:

Usage:
  Non-class:     22.16 MB used.
      Class:      2.54 MB used.
       Both:     24.69 MB used.

Virtual space:
  Non-class space:       64.00 MB reserved,      22.69 MB ( 35%) committed,  1 nodes.
      Class space:        1.00 GB reserved,       2.94 MB ( <1%) committed,  1 nodes.
             Both:        1.06 GB reserved,      25.62 MB (  2%) committed. 

Chunk freelists:
   Non-Class:  8.38 MB
       Class:  12.95 MB
        Both:  21.33 MB

MaxMetaspaceSize: unlimited
CompressedClassSpaceSize: 1.00 GB
Initial GC threshold: 21.00 MB
Current GC threshold: 35.00 MB
CDS: on
 - commit_granule_bytes: 65536.
 - commit_granule_words: 8192.
 - virtual_space_node_default_size: 8388608.
 - enlarge_chunks_in_place: 1.
 - use_allocation_guard: 0.


Internal statistics:

num_allocs_failed_limit: 3.
num_arena_births: 826.
num_arena_deaths: 14.
num_vsnodes_births: 2.
num_vsnodes_deaths: 0.
num_space_committed: 410.
num_space_uncommitted: 0.
num_chunks_returned_to_freelist: 17.
num_chunks_taken_from_freelist: 1904.
num_chunk_merges: 8.
num_chunk_splits: 1184.
num_chunks_enlarged: 685.
num_inconsistent_stats: 0.

CodeHeap 'non-profiled nmethods': size=120000Kb used=1668Kb max_used=1668Kb free=118331Kb
 bounds [0x000002699bef0000, 0x000002699c160000, 0x00000269a3420000]
CodeHeap 'profiled nmethods': size=120000Kb used=7961Kb max_used=7961Kb free=112038Kb
 bounds [0x0000026994420000, 0x0000026994bf0000, 0x000002699b950000]
CodeHeap 'non-nmethods': size=5760Kb used=1319Kb max_used=1323Kb free=4440Kb
 bounds [0x000002699b950000, 0x000002699bbc0000, 0x000002699bef0000]
CodeCache: size=245760Kb, used=10948Kb, max_used=10952Kb, free=234809Kb
 total_blobs=4601, nmethods=3995, adapters=512, full_count=0
Compilation: enabled, stopped_count=0, restarted_count=0

Compilation events (20 events):
Event: 32.729 Thread 0x00000269a7cc9830 3989       3       sun.util.locale.provider.LocaleProviderAdapter$$Lambda/0x800000068::apply (8 bytes)
Event: 32.729 Thread 0x00000269a7cc9830 nmethod 3989 0x0000026994be1790 code [0x0000026994be1940, 0x0000026994be1b70]
Event: 32.729 Thread 0x00000269a7cc9830 3990       3       sun.util.locale.provider.LocaleProviderAdapter::lambda$toLocaleArray$0 (135 bytes)
Event: 32.729 Thread 0x00000269a7cc9830 nmethod 3990 0x0000026994be1c10 code [0x0000026994be1e40, 0x0000026994be2500]
Event: 32.729 Thread 0x00000269a7cc9830 3991       3       sun.util.locale.BaseLocale$Key::equals (109 bytes)
Event: 32.730 Thread 0x00000269a7cc9830 nmethod 3991 0x0000026994be2710 code [0x0000026994be2980, 0x0000026994be3620]
Event: 32.731 Thread 0x00000269a7cc9830 3994       3       java.util.Iterator::forEachRemaining (30 bytes)
Event: 32.731 Thread 0x00000269a7cc9830 nmethod 3994 0x0000026994be3910 code [0x0000026994be3b20, 0x0000026994be4090]
Event: 32.735 Thread 0x00000269a7cc9830 3995       3       java.util.Locale::stripExtensions (20 bytes)
Event: 32.735 Thread 0x00000269a7cc9830 nmethod 3995 0x0000026994be4210 code [0x0000026994be43e0, 0x0000026994be4650]
Event: 32.735 Thread 0x00000269a7cc9830 3996       3       java.util.Locale::equals (75 bytes)
Event: 32.736 Thread 0x00000269a7cc9830 nmethod 3996 0x0000026994be4710 code [0x0000026994be4920, 0x0000026994be5060]
Event: 32.736 Thread 0x00000269a7cc9830 3997       3       java.util.Locale::hasExtensions (13 bytes)
Event: 32.736 Thread 0x00000269a7cc9830 nmethod 3997 0x0000026994be5210 code [0x0000026994be53a0, 0x0000026994be5500]
Event: 32.736 Thread 0x00000269a7cc9830 3998       3       sun.util.locale.BaseLocale::equals (71 bytes)
Event: 32.736 Thread 0x00000269a7cc9830 nmethod 3998 0x0000026994be5590 code [0x0000026994be5760, 0x0000026994be5c10]
Event: 32.739 Thread 0x00000269a7c9acf0 nmethod 3986 0x000002699c08ff10 code [0x000002699c090100, 0x000002699c0908e0]
Event: 32.739 Thread 0x00000269a7c9acf0 3992       4       java.lang.ref.SoftReference::get (29 bytes)
Event: 32.741 Thread 0x00000269a7c9acf0 nmethod 3992 0x000002699c090d90 code [0x000002699c090f20, 0x000002699c090fd0]
Event: 32.741 Thread 0x00000269a7c9acf0 3993       4       sun.util.locale.BaseLocale::getInstance (150 bytes)

GC Heap History (18 events):
Event: 2.115 GC heap before
{Heap before GC invocations=1 (full 0):
 PSYoungGen      total 29696K, used 25600K [0x00000000d5580000, 0x00000000d7680000, 0x0000000100000000)
  eden space 25600K, 100% used [0x00000000d5580000,0x00000000d6e80000,0x00000000d6e80000)
  from space 4096K, 0% used [0x00000000d7280000,0x00000000d7280000,0x00000000d7680000)
  to   space 4096K, 0% used [0x00000000d6e80000,0x00000000d6e80000,0x00000000d7280000)
 ParOldGen       total 68608K, used 0K [0x0000000080000000, 0x0000000084300000, 0x00000000d5580000)
  object space 68608K, 0% used [0x0000000080000000,0x0000000080000000,0x0000000084300000)
 Metaspace       used 4360K, committed 4608K, reserved 1114112K
  class space    used 473K, committed 576K, reserved 1048576K
}
Event: 2.130 GC heap after
{Heap after GC invocations=1 (full 0):
 PSYoungGen      total 29696K, used 3312K [0x00000000d5580000, 0x00000000d7680000, 0x0000000100000000)
  eden space 25600K, 0% used [0x00000000d5580000,0x00000000d5580000,0x00000000d6e80000)
  from space 4096K, 80% used [0x00000000d6e80000,0x00000000d71bc148,0x00000000d7280000)
  to   space 4096K, 0% used [0x00000000d7280000,0x00000000d7280000,0x00000000d7680000)
 ParOldGen       total 68608K, used 8K [0x0000000080000000, 0x0000000084300000, 0x00000000d5580000)
  object space 68608K, 0% used [0x0000000080000000,0x0000000080002000,0x0000000084300000)
 Metaspace       used 4360K, committed 4608K, reserved 1114112K
  class space    used 473K, committed 576K, reserved 1048576K
}
Event: 8.144 GC heap before
{Heap before GC invocations=2 (full 0):
 PSYoungGen      total 29696K, used 28912K [0x00000000d5580000, 0x00000000d7680000, 0x0000000100000000)
  eden space 25600K, 100% used [0x00000000d5580000,0x00000000d6e80000,0x00000000d6e80000)
  from space 4096K, 80% used [0x00000000d6e80000,0x00000000d71bc148,0x00000000d7280000)
  to   space 4096K, 0% used [0x00000000d7280000,0x00000000d7280000,0x00000000d7680000)
 ParOldGen       total 68608K, used 8K [0x0000000080000000, 0x0000000084300000, 0x00000000d5580000)
  object space 68608K, 0% used [0x0000000080000000,0x0000000080002000,0x0000000084300000)
 Metaspace       used 8003K, committed 8320K, reserved 1114112K
  class space    used 841K, committed 960K, reserved 1048576K
}
Event: 8.158 GC heap after
{Heap after GC invocations=2 (full 0):
 PSYoungGen      total 29696K, used 4070K [0x00000000d5580000, 0x00000000d7680000, 0x0000000100000000)
  eden space 25600K, 0% used [0x00000000d5580000,0x00000000d5580000,0x00000000d6e80000)
  from space 4096K, 99% used [0x00000000d7280000,0x00000000d7679820,0x00000000d7680000)
  to   space 4096K, 0% used [0x00000000d6e80000,0x00000000d6e80000,0x00000000d7280000)
 ParOldGen       total 68608K, used 1559K [0x0000000080000000, 0x0000000084300000, 0x00000000d5580000)
  object space 68608K, 2% used [0x0000000080000000,0x0000000080185ea8,0x0000000084300000)
 Metaspace       used 8003K, committed 8320K, reserved 1114112K
  class space    used 841K, committed 960K, reserved 1048576K
}
Event: 15.726 GC heap before
{Heap before GC invocations=3 (full 0):
 PSYoungGen      total 29696K, used 29670K [0x00000000d5580000, 0x00000000d7680000, 0x0000000100000000)
  eden space 25600K, 100% used [0x00000000d5580000,0x00000000d6e80000,0x00000000d6e80000)
  from space 4096K, 99% used [0x00000000d7280000,0x00000000d7679820,0x00000000d7680000)
  to   space 4096K, 0% used [0x00000000d6e80000,0x00000000d6e80000,0x00000000d7280000)
 ParOldGen       total 68608K, used 1559K [0x0000000080000000, 0x0000000084300000, 0x00000000d5580000)
  object space 68608K, 2% used [0x0000000080000000,0x0000000080185ea8,0x0000000084300000)
 Metaspace       used 9400K, committed 9728K, reserved 1114112K
  class space    used 1007K, committed 1152K, reserved 1048576K
}
Event: 15.739 GC heap after
{Heap after GC invocations=3 (full 0):
 PSYoungGen      total 29696K, used 4087K [0x00000000d5580000, 0x00000000d7680000, 0x0000000100000000)
  eden space 25600K, 0% used [0x00000000d5580000,0x00000000d5580000,0x00000000d6e80000)
  from space 4096K, 99% used [0x00000000d6e80000,0x00000000d727dc28,0x00000000d7280000)
  to   space 4096K, 0% used [0x00000000d7280000,0x00000000d7280000,0x00000000d7680000)
 ParOldGen       total 68608K, used 4699K [0x0000000080000000, 0x0000000084300000, 0x00000000d5580000)
  object space 68608K, 6% used [0x0000000080000000,0x0000000080496d20,0x0000000084300000)
 Metaspace       used 9400K, committed 9728K, reserved 1114112K
  class space    used 1007K, committed 1152K, reserved 1048576K
}
Event: 28.987 GC heap before
{Heap before GC invocations=4 (full 0):
 PSYoungGen      total 29696K, used 29687K [0x00000000d5580000, 0x00000000d7680000, 0x0000000100000000)
  eden space 25600K, 100% used [0x00000000d5580000,0x00000000d6e80000,0x00000000d6e80000)
  from space 4096K, 99% used [0x00000000d6e80000,0x00000000d727dc28,0x00000000d7280000)
  to   space 4096K, 0% used [0x00000000d7280000,0x00000000d7280000,0x00000000d7680000)
 ParOldGen       total 68608K, used 4699K [0x0000000080000000, 0x0000000084300000, 0x00000000d5580000)
  object space 68608K, 6% used [0x0000000080000000,0x0000000080496d20,0x0000000084300000)
 Metaspace       used 12328K, committed 12736K, reserved 1114112K
  class space    used 1321K, committed 1472K, reserved 1048576K
}
Event: 28.997 GC heap after
{Heap after GC invocations=4 (full 0):
 PSYoungGen      total 29696K, used 4095K [0x00000000d5580000, 0x00000000d7680000, 0x0000000100000000)
  eden space 25600K, 0% used [0x00000000d5580000,0x00000000d5580000,0x00000000d6e80000)
  from space 4096K, 99% used [0x00000000d7280000,0x00000000d767fed0,0x00000000d7680000)
  to   space 4096K, 0% used [0x00000000d6e80000,0x00000000d6e80000,0x00000000d7280000)
 ParOldGen       total 68608K, used 5795K [0x0000000080000000, 0x0000000084300000, 0x00000000d5580000)
  object space 68608K, 8% used [0x0000000080000000,0x00000000805a8c48,0x0000000084300000)
 Metaspace       used 12328K, committed 12736K, reserved 1114112K
  class space    used 1321K, committed 1472K, reserved 1048576K
}
Event: 30.025 GC heap before
{Heap before GC invocations=5 (full 0):
 PSYoungGen      total 29696K, used 29695K [0x00000000d5580000, 0x00000000d7680000, 0x0000000100000000)
  eden space 25600K, 100% used [0x00000000d5580000,0x00000000d6e80000,0x00000000d6e80000)
  from space 4096K, 99% used [0x00000000d7280000,0x00000000d767fed0,0x00000000d7680000)
  to   space 4096K, 0% used [0x00000000d6e80000,0x00000000d6e80000,0x00000000d7280000)
 ParOldGen       total 68608K, used 5795K [0x0000000080000000, 0x0000000084300000, 0x00000000d5580000)
  object space 68608K, 8% used [0x0000000080000000,0x00000000805a8c48,0x0000000084300000)
 Metaspace       used 16279K, committed 16960K, reserved 1114112K
  class space    used 1701K, committed 1984K, reserved 1048576K
}
Event: 30.033 GC heap after
{Heap after GC invocations=5 (full 0):
 PSYoungGen      total 29184K, used 4079K [0x00000000d5580000, 0x00000000d7900000, 0x0000000100000000)
  eden space 25088K, 0% used [0x00000000d5580000,0x00000000d5580000,0x00000000d6e00000)
  from space 4096K, 99% used [0x00000000d6e80000,0x00000000d727be68,0x00000000d7280000)
  to   space 5632K, 0% used [0x00000000d7380000,0x00000000d7380000,0x00000000d7900000)
 ParOldGen       total 68608K, used 7168K [0x0000000080000000, 0x0000000084300000, 0x00000000d5580000)
  object space 68608K, 10% used [0x0000000080000000,0x0000000080700090,0x0000000084300000)
 Metaspace       used 16279K, committed 16960K, reserved 1114112K
  class space    used 1701K, committed 1984K, reserved 1048576K
}
Event: 30.741 GC heap before
{Heap before GC invocations=6 (full 0):
 PSYoungGen      total 29184K, used 29167K [0x00000000d5580000, 0x00000000d7900000, 0x0000000100000000)
  eden space 25088K, 100% used [0x00000000d5580000,0x00000000d6e00000,0x00000000d6e00000)
  from space 4096K, 99% used [0x00000000d6e80000,0x00000000d727be68,0x00000000d7280000)
  to   space 5632K, 0% used [0x00000000d7380000,0x00000000d7380000,0x00000000d7900000)
 ParOldGen       total 68608K, used 7168K [0x0000000080000000, 0x0000000084300000, 0x00000000d5580000)
  object space 68608K, 10% used [0x0000000080000000,0x0000000080700090,0x0000000084300000)
 Metaspace       used 18916K, committed 19712K, reserved 1114112K
  class space    used 2009K, committed 2304K, reserved 1048576K
}
Event: 30.749 GC heap after
{Heap after GC invocations=6 (full 0):
 PSYoungGen      total 30208K, used 5619K [0x00000000d5580000, 0x00000000d7980000, 0x0000000100000000)
  eden space 24576K, 0% used [0x00000000d5580000,0x00000000d5580000,0x00000000d6d80000)
  from space 5632K, 99% used [0x00000000d7380000,0x00000000d78fcd50,0x00000000d7900000)
  to   space 6144K, 0% used [0x00000000d6d80000,0x00000000d6d80000,0x00000000d7380000)
 ParOldGen       total 68608K, used 7176K [0x0000000080000000, 0x0000000084300000, 0x00000000d5580000)
  object space 68608K, 10% used [0x0000000080000000,0x0000000080702090,0x0000000084300000)
 Metaspace       used 18916K, committed 19712K, reserved 1114112K
  class space    used 2009K, committed 2304K, reserved 1048576K
}
Event: 31.302 GC heap before
{Heap before GC invocations=7 (full 0):
 PSYoungGen      total 30208K, used 20528K [0x00000000d5580000, 0x00000000d7980000, 0x0000000100000000)
  eden space 24576K, 60% used [0x00000000d5580000,0x00000000d640f418,0x00000000d6d80000)
  from space 5632K, 99% used [0x00000000d7380000,0x00000000d78fcd50,0x00000000d7900000)
  to   space 6144K, 0% used [0x00000000d6d80000,0x00000000d6d80000,0x00000000d7380000)
 ParOldGen       total 68608K, used 7176K [0x0000000080000000, 0x0000000084300000, 0x00000000d5580000)
  object space 68608K, 10% used [0x0000000080000000,0x0000000080702090,0x0000000084300000)
 Metaspace       used 20607K, committed 21504K, reserved 1114112K
  class space    used 2216K, committed 2624K, reserved 1048576K
}
Event: 31.310 GC heap after
{Heap after GC invocations=7 (full 0):
 PSYoungGen      total 29184K, used 4098K [0x00000000d5580000, 0x00000000d7780000, 0x0000000100000000)
  eden space 24576K, 0% used [0x00000000d5580000,0x00000000d5580000,0x00000000d6d80000)
  from space 4608K, 88% used [0x00000000d6d80000,0x00000000d7180848,0x00000000d7200000)
  to   space 5120K, 0% used [0x00000000d7280000,0x00000000d7280000,0x00000000d7780000)
 ParOldGen       total 68608K, used 8862K [0x0000000080000000, 0x0000000084300000, 0x00000000d5580000)
  object space 68608K, 12% used [0x0000000080000000,0x00000000808a7958,0x0000000084300000)
 Metaspace       used 20607K, committed 21504K, reserved 1114112K
  class space    used 2216K, committed 2624K, reserved 1048576K
}
Event: 31.310 GC heap before
{Heap before GC invocations=8 (full 1):
 PSYoungGen      total 29184K, used 4098K [0x00000000d5580000, 0x00000000d7780000, 0x0000000100000000)
  eden space 24576K, 0% used [0x00000000d5580000,0x00000000d5580000,0x00000000d6d80000)
  from space 4608K, 88% used [0x00000000d6d80000,0x00000000d7180848,0x00000000d7200000)
  to   space 5120K, 0% used [0x00000000d7280000,0x00000000d7280000,0x00000000d7780000)
 ParOldGen       total 68608K, used 8862K [0x0000000080000000, 0x0000000084300000, 0x00000000d5580000)
  object space 68608K, 12% used [0x0000000080000000,0x00000000808a7958,0x0000000084300000)
 Metaspace       used 20607K, committed 21504K, reserved 1114112K
  class space    used 2216K, committed 2624K, reserved 1048576K
}
Event: 31.370 GC heap after
{Heap after GC invocations=8 (full 1):
 PSYoungGen      total 29184K, used 0K [0x00000000d5580000, 0x00000000d7780000, 0x0000000100000000)
  eden space 24576K, 0% used [0x00000000d5580000,0x00000000d5580000,0x00000000d6d80000)
  from space 4608K, 0% used [0x00000000d6d80000,0x00000000d6d80000,0x00000000d7200000)
  to   space 5120K, 0% used [0x00000000d7280000,0x00000000d7280000,0x00000000d7780000)
 ParOldGen       total 68608K, used 12362K [0x0000000080000000, 0x0000000084300000, 0x00000000d5580000)
  object space 68608K, 18% used [0x0000000080000000,0x0000000080c12990,0x0000000084300000)
 Metaspace       used 20594K, committed 21504K, reserved 1114112K
  class space    used 2212K, committed 2624K, reserved 1048576K
}
Event: 32.394 GC heap before
{Heap before GC invocations=9 (full 1):
 PSYoungGen      total 29184K, used 24576K [0x00000000d5580000, 0x00000000d7780000, 0x0000000100000000)
  eden space 24576K, 100% used [0x00000000d5580000,0x00000000d6d80000,0x00000000d6d80000)
  from space 4608K, 0% used [0x00000000d6d80000,0x00000000d6d80000,0x00000000d7200000)
  to   space 5120K, 0% used [0x00000000d7280000,0x00000000d7280000,0x00000000d7780000)
 ParOldGen       total 68608K, used 12362K [0x0000000080000000, 0x0000000084300000, 0x00000000d5580000)
  object space 68608K, 18% used [0x0000000080000000,0x0000000080c12990,0x0000000084300000)
 Metaspace       used 22745K, committed 23808K, reserved 1114112K
  class space    used 2394K, committed 2816K, reserved 1048576K
}
Event: 32.397 GC heap after
{Heap after GC invocations=9 (full 1):
 PSYoungGen      total 25600K, used 1117K [0x00000000d5580000, 0x00000000d7400000, 0x0000000100000000)
  eden space 24064K, 0% used [0x00000000d5580000,0x00000000d5580000,0x00000000d6d00000)
  from space 1536K, 72% used [0x00000000d7280000,0x00000000d7397468,0x00000000d7400000)
  to   space 2560K, 0% used [0x00000000d6f00000,0x00000000d6f00000,0x00000000d7180000)
 ParOldGen       total 68608K, used 12370K [0x0000000080000000, 0x0000000084300000, 0x00000000d5580000)
  object space 68608K, 18% used [0x0000000080000000,0x0000000080c14990,0x0000000084300000)
 Metaspace       used 22745K, committed 23808K, reserved 1114112K
  class space    used 2394K, committed 2816K, reserved 1048576K
}

Dll operation events (10 events):
Event: 0.027 Loaded shared library c:\Users\hp\.vscode\extensions\redhat.java-1.50.0-win32-x64\jre\21.0.9-win32-x86_64\bin\java.dll
Event: 0.226 Loaded shared library c:\Users\hp\.vscode\extensions\redhat.java-1.50.0-win32-x64\jre\21.0.9-win32-x86_64\bin\zip.dll
Event: 0.288 Loaded shared library C:\Users\hp\.vscode\extensions\redhat.java-1.50.0-win32-x64\jre\21.0.9-win32-x86_64\bin\instrument.dll
Event: 0.303 Loaded shared library C:\Users\hp\.vscode\extensions\redhat.java-1.50.0-win32-x64\jre\21.0.9-win32-x86_64\bin\net.dll
Event: 0.310 Loaded shared library C:\Users\hp\.vscode\extensions\redhat.java-1.50.0-win32-x64\jre\21.0.9-win32-x86_64\bin\nio.dll
Event: 0.317 Loaded shared library C:\Users\hp\.vscode\extensions\redhat.java-1.50.0-win32-x64\jre\21.0.9-win32-x86_64\bin\zip.dll
Event: 0.364 Loaded shared library C:\Users\hp\.vscode\extensions\redhat.java-1.50.0-win32-x64\jre\21.0.9-win32-x86_64\bin\jimage.dll
Event: 0.628 Loaded shared library c:\Users\hp\.vscode\extensions\redhat.java-1.50.0-win32-x64\jre\21.0.9-win32-x86_64\bin\verify.dll
Event: 8.529 Loaded shared library C:\Users\hp\AppData\Roaming\Code\User\globalStorage\redhat.java\1.50.0\config_win\org.eclipse.equinox.launcher\org.eclipse.equinox.launcher.win32.win32.x86_64_1.2.1400.v20250801-0854\eclipse_11916.dll
Event: 30.058 Loaded shared library C:\Program Files\KMSpico\temp\jna-3336\jna13265290948459769755.dll

Deoptimization events (20 events):
Event: 31.477 Thread 0x00000269ef74c770 DEOPT PACKING pc=0x000002699c06e7c4 sp=0x000000ce195f0940
Event: 31.478 Thread 0x00000269ef74c770 DEOPT UNPACKING pc=0x000002699b9a3aa2 sp=0x000000ce195f08b8 mode 2
Event: 32.556 Thread 0x00000269ef74c770 DEOPT PACKING pc=0x0000026994875f3c sp=0x000000ce195f4cd0
Event: 32.556 Thread 0x00000269ef74c770 DEOPT UNPACKING pc=0x000002699b9a4242 sp=0x000000ce195f4268 mode 0
Event: 32.598 Thread 0x00000269ef8bf440 Uncommon trap: trap_request=0xffffffde fr.pc=0x000002699c086a38 relative=0x00000000000000f8
Event: 32.598 Thread 0x00000269ef8bf440 Uncommon trap: reason=class_check action=maybe_recompile pc=0x000002699c086a38 method=java.lang.Character.codePointAt(Ljava/lang/CharSequence;I)I @ 2 c2
Event: 32.598 Thread 0x00000269ef8bf440 DEOPT PACKING pc=0x000002699c086a38 sp=0x000000ce19afe6a0
Event: 32.598 Thread 0x00000269ef8bf440 DEOPT UNPACKING pc=0x000002699b9a3aa2 sp=0x000000ce19afe628 mode 2
Event: 32.598 Thread 0x00000269ef8bf440 Uncommon trap: trap_request=0xffffffde fr.pc=0x000002699c086a38 relative=0x00000000000000f8
Event: 32.598 Thread 0x00000269ef8bf440 Uncommon trap: reason=class_check action=maybe_recompile pc=0x000002699c086a38 method=java.lang.Character.codePointAt(Ljava/lang/CharSequence;I)I @ 2 c2
Event: 32.599 Thread 0x00000269ef8bf440 DEOPT PACKING pc=0x000002699c086a38 sp=0x000000ce19afe6a0
Event: 32.599 Thread 0x00000269ef8bf440 DEOPT UNPACKING pc=0x000002699b9a3aa2 sp=0x000000ce19afe628 mode 2
Event: 32.599 Thread 0x00000269ef8bf440 Uncommon trap: trap_request=0xffffffde fr.pc=0x000002699c086a38 relative=0x00000000000000f8
Event: 32.599 Thread 0x00000269ef8bf440 Uncommon trap: reason=class_check action=maybe_recompile pc=0x000002699c086a38 method=java.lang.Character.codePointAt(Ljava/lang/CharSequence;I)I @ 2 c2
Event: 32.599 Thread 0x00000269ef8bf440 DEOPT PACKING pc=0x000002699c086a38 sp=0x000000ce19afe6a0
Event: 32.599 Thread 0x00000269ef8bf440 DEOPT UNPACKING pc=0x000002699b9a3aa2 sp=0x000000ce19afe628 mode 2
Event: 32.599 Thread 0x00000269ef8bf440 Uncommon trap: trap_request=0xffffffde fr.pc=0x000002699c086a38 relative=0x00000000000000f8
Event: 32.599 Thread 0x00000269ef8bf440 Uncommon trap: reason=class_check action=maybe_recompile pc=0x000002699c086a38 method=java.lang.Character.codePointAt(Ljava/lang/CharSequence;I)I @ 2 c2
Event: 32.599 Thread 0x00000269ef8bf440 DEOPT PACKING pc=0x000002699c086a38 sp=0x000000ce19afe6a0
Event: 32.599 Thread 0x00000269ef8bf440 DEOPT UNPACKING pc=0x000002699b9a3aa2 sp=0x000000ce19afe628 mode 2

Classes loaded (20 events):
Event: 31.897 Loading class java/lang/NegativeArraySizeException
Event: 31.898 Loading class java/lang/NegativeArraySizeException done
Event: 32.597 Loading class java/io/FileReader
Event: 32.597 Loading class java/io/FileReader done
Event: 32.717 Loading class java/util/concurrent/atomic/AtomicReferenceFieldUpdater
Event: 32.718 Loading class java/util/concurrent/atomic/AtomicReferenceFieldUpdater done
Event: 32.718 Loading class java/util/concurrent/atomic/AtomicReferenceFieldUpdater$AtomicReferenceFieldUpdaterImpl
Event: 32.719 Loading class java/util/concurrent/atomic/AtomicReferenceFieldUpdater$AtomicReferenceFieldUpdaterImpl done
Event: 32.723 Loading class java/util/concurrent/atomic/AtomicReferenceFieldUpdater$AtomicReferenceFieldUpdaterImpl$1
Event: 32.723 Loading class sun/nio/cs/UTF_8$Encoder
Event: 32.724 Loading class java/util/concurrent/atomic/AtomicReferenceFieldUpdater$AtomicReferenceFieldUpdaterImpl$1 done
Event: 32.724 Loading class sun/nio/cs/UTF_8$Encoder done
Event: 32.736 Loading class java/io/PrintWriter$1
Event: 32.737 Loading class jdk/internal/access/JavaIOPrintWriterAccess
Event: 32.737 Loading class jdk/internal/access/JavaIOPrintWriterAccess done
Event: 32.737 Loading class java/io/PrintWriter$1 done
Event: 32.737 Loading class java/lang/Throwable$WrappedPrintWriter
Event: 32.737 Loading class java/lang/Throwable$PrintStreamOrWriter
Event: 32.737 Loading class java/lang/Throwable$PrintStreamOrWriter done
Event: 32.737 Loading class java/lang/Throwable$WrappedPrintWriter done

Classes unloaded (7 events):
Event: 31.318 Thread 0x00000269912de9c0 Unloading class 0x00000269a91a4800 'java/lang/invoke/LambdaForm$MH+0x00000269a91a4800'
Event: 31.318 Thread 0x00000269912de9c0 Unloading class 0x00000269a91a4400 'java/lang/invoke/LambdaForm$MH+0x00000269a91a4400'
Event: 31.318 Thread 0x00000269912de9c0 Unloading class 0x00000269a91a4000 'java/lang/invoke/LambdaForm$MH+0x00000269a91a4000'
Event: 31.318 Thread 0x00000269912de9c0 Unloading class 0x00000269a91a3c00 'java/lang/invoke/LambdaForm$MH+0x00000269a91a3c00'
Event: 31.318 Thread 0x00000269912de9c0 Unloading class 0x00000269a91a3800 'java/lang/invoke/LambdaForm$BMH+0x00000269a91a3800'
Event: 31.318 Thread 0x00000269912de9c0 Unloading class 0x00000269a91a3400 'java/lang/invoke/LambdaForm$DMH+0x00000269a91a3400'
Event: 31.318 Thread 0x00000269912de9c0 Unloading class 0x00000269a91a2000 'java/lang/invoke/LambdaForm$DMH+0x00000269a91a2000'

Classes redefined (0 events):
No events

Internal exceptions (20 events):
Event: 31.163 Thread 0x00000269ef74c770 Exception <a 'java/lang/NoSuchMethodError'{0x00000000d61aae20}: 'int java.lang.invoke.DirectMethodHandle$Holder.invokeVirtual(java.lang.Object, java.lang.Object, java.lang.Object)'> (0x00000000d61aae20) 
thrown [s\src\hotspot\share\interpreter\linkResolver.cpp, line 773]
Event: 31.165 Thread 0x00000269ef74c770 Exception <a 'java/lang/NoSuchMethodError'{0x00000000d61afdb8}: 'int java.lang.invoke.DirectMethodHandle$Holder.invokeStaticInit(java.lang.Object, int, int)'> (0x00000000d61afdb8) 
thrown [s\src\hotspot\share\interpreter\linkResolver.cpp, line 773]
Event: 31.167 Thread 0x00000269ef74c770 Exception <a 'java/lang/NoSuchMethodError'{0x00000000d61b8140}: 'int java.lang.invoke.DirectMethodHandle$Holder.invokeStaticInit(java.lang.Object, long, long)'> (0x00000000d61b8140) 
thrown [s\src\hotspot\share\interpreter\linkResolver.cpp, line 773]
Event: 31.170 Thread 0x00000269ef74c770 Exception <a 'java/lang/NoSuchMethodError'{0x00000000d61bfaf8}: 'int java.lang.invoke.DirectMethodHandle$Holder.invokeStaticInit(java.lang.Object, float, float)'> (0x00000000d61bfaf8) 
thrown [s\src\hotspot\share\interpreter\linkResolver.cpp, line 773]
Event: 31.172 Thread 0x00000269ef74c770 Exception <a 'java/lang/NoSuchMethodError'{0x00000000d61c74a8}: 'int java.lang.invoke.DirectMethodHandle$Holder.invokeStaticInit(java.lang.Object, double, double)'> (0x00000000d61c74a8) 
thrown [s\src\hotspot\share\interpreter\linkResolver.cpp, line 773]
Event: 31.173 Thread 0x00000269ef74c770 Exception <a 'java/lang/NoSuchMethodError'{0x00000000d61cc8c0}: 'int java.lang.invoke.DirectMethodHandle$Holder.invokeStatic(java.lang.Object, long)'> (0x00000000d61cc8c0) 
thrown [s\src\hotspot\share\interpreter\linkResolver.cpp, line 773]
Event: 31.179 Thread 0x00000269ef74c770 Exception <a 'java/lang/NoSuchMethodError'{0x00000000d61eb5a8}: 'int java.lang.invoke.Invokers$Holder.linkToTargetMethod(java.lang.Object, java.lang.Object)'> (0x00000000d61eb5a8) 
thrown [s\src\hotspot\share\interpreter\linkResolver.cpp, line 773]
Event: 31.247 Thread 0x00000269ef74c770 Exception <a 'java/lang/NoSuchMethodError'{0x00000000d62c8cc0}: 'java.lang.Object java.lang.invoke.Invokers$Holder.invoke_MT(java.lang.Object, java.lang.Object, java.lang.Object, java.lang.Object, java.lang.Object, java.lang.Object, java.lang.Object, java.lang.Object, java.lang.Object, java.lang.Object, java.lang.Object)'> (0x00000000d62c8cc0) 
thrown [s\src\hotspot\share\interpreter\linkResolver.cpp, line 773]
Event: 31.270 Thread 0x00000269ef74c770 Exception <a 'java/lang/NoSuchMethodError'{0x00000000d6355b98}: 'java.lang.Object java.lang.invoke.Invokers$Holder.invoke_MT(java.lang.Object, java.lang.Object, java.lang.Object, java.lang.Object, java.lang.Object, java.lang.Object, java.lang.Object, java.lang.Object, java.lang.Object, java.lang.Object)'> (0x00000000d6355b98) 
thrown [s\src\hotspot\share\interpreter\linkResolver.cpp, line 773]
Event: 31.298 Thread 0x00000269ef74c770 Exception <a 'java/lang/NoSuchMethodError'{0x00000000d63f3b40}: 'java.lang.Object java.lang.invoke.DirectMethodHandle$Holder.newInvokeSpecial(java.lang.Object, java.lang.Object, java.lang.Object, java.lang.Object, java.lang.Object, java.lang.Object, java.lang.Object)'> (0x00000000d63f3b40) 
thrown [s\src\hotspot\share\interpreter\linkResolver.cpp, line 773]
Event: 31.392 Thread 0x00000269ef74c770 Exception <a 'java/lang/NoSuchMethodError'{0x00000000d55e67b8}: 'java.lang.Object java.lang.invoke.Invokers$Holder.invoker(java.lang.Object, java.lang.Object, java.lang.Object, java.lang.Object, java.lang.Object, java.lang.Object, java.lang.Object, java.lang.Object, java.lang.Object, java.lang.Object, java.lang.Object, java.lang.Object, java.lang.Object)'> (0x00000000d55e67b8) 
thrown [s\src\hotspot\share\interpreter\linkResolver.cpp, line 773]
Event: 31.394 Thread 0x00000269ef74c770 Exception <a 'java/lang/NoSuchMethodError'{0x00000000d55feb90}: 'java.lang.Object java.lang.invoke.DelegatingMethodHandle$Holder.delegate(java.lang.Object, java.lang.Object, java.lang.Object, java.lang.Object, java.lang.Object, java.lang.Object, java.lang.Object, java.lang.Object, java.lang.Object, java.lang.Object, java.lang.Object, java.lang.Object, java.lang.Object)'> (0x00000000d55feb90) 
thrown [s\src\hotspot\share\interpreter\linkResolver.cpp, line 773]
Event: 31.411 Thread 0x00000269ef74c770 Exception <a 'java/lang/NoSuchMethodError'{0x00000000d566a818}: static Lorg/eclipse/m2e/core/internal/lifecyclemapping/model/PluginExecutionMetadata;.<clinit>()V> (0x00000000d566a818) 
thrown [s\src\hotspot\share\prims\jni.cpp, line 1111]
Event: 31.425 Thread 0x00000269ef74c770 Exception <a 'java/lang/NoSuchMethodError'{0x00000000d56ca370}: static Lorg/eclipse/m2e/core/internal/lifecyclemapping/model/PluginExecutionFilter;.<clinit>()V> (0x00000000d56ca370) 
thrown [s\src\hotspot\share\prims\jni.cpp, line 1111]
Event: 31.432 Thread 0x00000269ef74c770 Exception <a 'java/lang/NoSuchMethodError'{0x00000000d5700330}: static Lorg/eclipse/m2e/core/internal/project/registry/MavenProjectFacade$MavenProjectConfiguration;.<clinit>()V> (0x00000000d5700330) 
thrown [s\src\hotspot\share\prims\jni.cpp, line 1111]
Event: 31.617 Thread 0x00000269ef74c770 Exception <a 'java/lang/NoSuchMethodError'{0x00000000d5c6b0b8}: 'double java.lang.invoke.DirectMethodHandle$Holder.invokeStatic(java.lang.Object, java.lang.Object)'> (0x00000000d5c6b0b8) 
thrown [s\src\hotspot\share\interpreter\linkResolver.cpp, line 773]
Event: 31.618 Thread 0x00000269ef74c770 Exception <a 'java/lang/NoSuchMethodError'{0x00000000d5c6e9e8}: 'double java.lang.invoke.DirectMethodHandle$Holder.invokeStaticInit(java.lang.Object, java.lang.Object)'> (0x00000000d5c6e9e8) 
thrown [s\src\hotspot\share\interpreter\linkResolver.cpp, line 773]
Event: 32.668 Thread 0x00000269ef8bf440 Exception <a 'java/lang/NoSuchMethodError'{0x00000000d5d8adf8}: 'java.lang.Object java.lang.invoke.DirectMethodHandle$Holder.invokeSpecialIFC(java.lang.Object, java.lang.Object, java.lang.Object, java.lang.Object)'> (0x00000000d5d8adf8) 
thrown [s\src\hotspot\share\interpreter\linkResolver.cpp, line 773]
Event: 32.719 Thread 0x00000269ef8bedb0 StackOverflowError at 0x00000269946a0d20
Event: 32.720 Thread 0x00000269ef8bedb0 Exception <a 'java/lang/StackOverflowError'{0x00000000d5fdf5c8}> (0x00000000d5fdf5c8) 
thrown [s\src\hotspot\share\runtime\sharedRuntime.cpp, line 625]

ZGC Phase Switch (0 events):
No events

VM Operations (20 events):
Event: 30.343 Executing VM operation: HandshakeAllThreads (Deoptimize)
Event: 30.343 Executing VM operation: HandshakeAllThreads (Deoptimize) done
Event: 30.406 Executing VM operation: HandshakeAllThreads (Deoptimize)
Event: 30.407 Executing VM operation: HandshakeAllThreads (Deoptimize) done
Event: 30.417 Executing VM operation: HandshakeAllThreads (Deoptimize)
Event: 30.417 Executing VM operation: HandshakeAllThreads (Deoptimize) done
Event: 30.459 Executing VM operation: HandshakeAllThreads (Deoptimize)
Event: 30.459 Executing VM operation: HandshakeAllThreads (Deoptimize) done
Event: 30.740 Executing VM operation: ParallelGCFailedAllocation (Allocation Failure)
Event: 30.749 Executing VM operation: ParallelGCFailedAllocation (Allocation Failure) done
Event: 31.122 Executing VM operation: HandshakeAllThreads (Deoptimize)
Event: 31.122 Executing VM operation: HandshakeAllThreads (Deoptimize) done
Event: 31.301 Executing VM operation: CollectForMetadataAllocation (Metadata GC Threshold)
Event: 31.370 Executing VM operation: CollectForMetadataAllocation (Metadata GC Threshold) done
Event: 32.381 Executing VM operation: Cleanup
Event: 32.381 Executing VM operation: Cleanup done
Event: 32.394 Executing VM operation: ParallelGCFailedAllocation (Allocation Failure)
Event: 32.397 Executing VM operation: ParallelGCFailedAllocation (Allocation Failure) done
Event: 32.538 Executing VM operation: HandshakeAllThreads (Deoptimize)
Event: 32.556 Executing VM operation: HandshakeAllThreads (Deoptimize) done

Memory protections (0 events):
No events

Nmethod flushes (0 events):
No events

Events (20 events):
Event: 0.096 Thread 0x0000026991226220 Thread added: 0x00000269a7c92610
Event: 0.096 Thread 0x0000026991226220 Thread added: 0x00000269a7c93520
Event: 0.096 Thread 0x0000026991226220 Thread added: 0x00000269a7c96200
Event: 0.096 Thread 0x0000026991226220 Thread added: 0x00000269a7c97e60
Event: 0.096 Thread 0x0000026991226220 Thread added: 0x00000269a7c9acf0
Event: 0.097 Thread 0x0000026991226220 Thread added: 0x00000269a7cc9830
Event: 0.295 Thread 0x0000026991226220 Thread added: 0x00000269ea77f600
Event: 0.992 Thread 0x0000026991226220 Thread added: 0x00000269ea840470
Event: 3.049 Thread 0x0000026991226220 Thread added: 0x00000269ef32e400
Event: 8.135 Thread 0x0000026991226220 Thread added: 0x00000269ef30b6b0
Event: 8.242 Thread 0x00000269ef30b6b0 Thread added: 0x00000269ef35af60
Event: 8.538 Thread 0x0000026991226220 Thread added: 0x00000269ef74c770
Event: 15.828 Thread 0x00000269ef74c770 Thread added: 0x00000269ea745500
Event: 28.652 Thread 0x00000269ef74c770 Thread added: 0x00000269ef431000
Event: 29.378 Thread 0x00000269ef74c770 Thread added: 0x00000269ef384f70
Event: 30.103 Thread 0x00000269ef74c770 Thread added: 0x00000269ef9bdd30
Event: 30.162 Thread 0x00000269ef74c770 Thread added: 0x00000269ef8bf440
Event: 30.201 Thread 0x00000269ef74c770 Thread added: 0x00000269ef8be090
Event: 32.713 Thread 0x00000269ef8be090 Thread added: 0x00000269ef8bedb0
Event: 32.739 Thread 0x00000269ef8bedb0 Thread exited: 0x00000269ef8bedb0


Dynamic libraries:
0x00007ff6259f0000 - 0x00007ff6259fe000 	c:\Users\hp\.vscode\extensions\redhat.java-1.50.0-win32-x64\jre\21.0.9-win32-x86_64\bin\java.exe
0x00007ffccec50000 - 0x00007ffccee68000 	C:\WINDOWS\SYSTEM32\ntdll.dll
0x00007ffcce020000 - 0x00007ffcce0e4000 	C:\WINDOWS\System32\KERNEL32.DLL
0x00007ffccbef0000 - 0x00007ffccc2c3000 	C:\WINDOWS\System32\KERNELBASE.dll
0x00007ffccc420000 - 0x00007ffccc531000 	C:\WINDOWS\System32\ucrtbase.dll
0x00007ffcb11f0000 - 0x00007ffcb1208000 	c:\Users\hp\.vscode\extensions\redhat.java-1.50.0-win32-x64\jre\21.0.9-win32-x86_64\bin\jli.dll
0x00007ffccc970000 - 0x00007ffcccb22000 	C:\WINDOWS\System32\USER32.dll
0x00007ffccbd50000 - 0x00007ffccbd76000 	C:\WINDOWS\System32\win32u.dll
0x00007ffcce950000 - 0x00007ffcce979000 	C:\WINDOWS\System32\GDI32.dll
0x00007ffccc540000 - 0x00007ffccc663000 	C:\WINDOWS\System32\gdi32full.dll
0x00007ffccc350000 - 0x00007ffccc3ea000 	C:\WINDOWS\System32\msvcp_win.dll
0x00007ffcb0ce0000 - 0x00007ffcb0cfe000 	c:\Users\hp\.vscode\extensions\redhat.java-1.50.0-win32-x64\jre\21.0.9-win32-x86_64\bin\VCRUNTIME140.dll
0x00007ffcbb1f0000 - 0x00007ffcbb48c000 	C:\WINDOWS\WinSxS\amd64_microsoft.windows.common-controls_6595b64144ccf1df_6.0.22621.6060_none_2712eda17382d24b\COMCTL32.dll
0x00007ffccde20000 - 0x00007ffccdec7000 	C:\WINDOWS\System32\msvcrt.dll
0x00007ffcce0f0000 - 0x00007ffcce121000 	C:\WINDOWS\System32\IMM32.DLL
0x00007ffcb1270000 - 0x00007ffcb127c000 	c:\Users\hp\.vscode\extensions\redhat.java-1.50.0-win32-x64\jre\21.0.9-win32-x86_64\bin\vcruntime140_1.dll
0x00007ffc81490000 - 0x00007ffc8151d000 	c:\Users\hp\.vscode\extensions\redhat.java-1.50.0-win32-x64\jre\21.0.9-win32-x86_64\bin\msvcp140.dll
0x00007ffc14a20000 - 0x00007ffc157c0000 	c:\Users\hp\.vscode\extensions\redhat.java-1.50.0-win32-x64\jre\21.0.9-win32-x86_64\bin\server\jvm.dll
0x00007ffcceb50000 - 0x00007ffccec01000 	C:\WINDOWS\System32\ADVAPI32.dll
0x00007ffcccb90000 - 0x00007ffcccc38000 	C:\WINDOWS\System32\sechost.dll
0x00007ffccc3f0000 - 0x00007ffccc418000 	C:\WINDOWS\System32\bcrypt.dll
0x00007ffccdc20000 - 0x00007ffccdd38000 	C:\WINDOWS\System32\RPCRT4.dll
0x00007ffccc8f0000 - 0x00007ffccc961000 	C:\WINDOWS\System32\WS2_32.dll
0x00007ffcc7290000 - 0x00007ffcc72c4000 	C:\WINDOWS\SYSTEM32\WINMM.dll
0x00007ffccbc20000 - 0x00007ffccbc6d000 	C:\WINDOWS\SYSTEM32\POWRPROF.dll
0x00007ffcc3d90000 - 0x00007ffcc3d9a000 	C:\WINDOWS\SYSTEM32\VERSION.dll
0x00007ffccbc00000 - 0x00007ffccbc13000 	C:\WINDOWS\SYSTEM32\UMPDC.dll
0x00007ffccace0000 - 0x00007ffccacf8000 	C:\WINDOWS\SYSTEM32\kernel.appcore.dll
0x00007ffcb11a0000 - 0x00007ffcb11aa000 	c:\Users\hp\.vscode\extensions\redhat.java-1.50.0-win32-x64\jre\21.0.9-win32-x86_64\bin\jimage.dll
0x00007ffcbb940000 - 0x00007ffcbbb73000 	C:\WINDOWS\SYSTEM32\DBGHELP.DLL
0x00007ffcce130000 - 0x00007ffcce4c2000 	C:\WINDOWS\System32\combase.dll
0x00007ffccdf40000 - 0x00007ffcce018000 	C:\WINDOWS\System32\OLEAUT32.dll
0x00007ffcba5b0000 - 0x00007ffcba5e2000 	C:\WINDOWS\SYSTEM32\dbgcore.DLL
0x00007ffccc870000 - 0x00007ffccc8eb000 	C:\WINDOWS\System32\bcryptPrimitives.dll
0x00007ffca8970000 - 0x00007ffca897f000 	c:\Users\hp\.vscode\extensions\redhat.java-1.50.0-win32-x64\jre\21.0.9-win32-x86_64\bin\instrument.dll
0x00007ffca7450000 - 0x00007ffca7470000 	c:\Users\hp\.vscode\extensions\redhat.java-1.50.0-win32-x64\jre\21.0.9-win32-x86_64\bin\java.dll
0x00007ffcccf20000 - 0x00007ffccd7be000 	C:\WINDOWS\System32\SHELL32.dll
0x00007ffccc730000 - 0x00007ffccc86f000 	C:\WINDOWS\System32\wintypes.dll
0x00007ffcc9be0000 - 0x00007ffcca4f8000 	C:\WINDOWS\SYSTEM32\windows.storage.dll
0x00007ffcccc40000 - 0x00007ffcccd44000 	C:\WINDOWS\System32\SHCORE.dll
0x00007ffccded0000 - 0x00007ffccdf39000 	C:\WINDOWS\System32\shlwapi.dll
0x00007ffccbc80000 - 0x00007ffccbca5000 	C:\WINDOWS\SYSTEM32\profapi.dll
0x00007ffca72d0000 - 0x00007ffca72e8000 	c:\Users\hp\.vscode\extensions\redhat.java-1.50.0-win32-x64\jre\21.0.9-win32-x86_64\bin\zip.dll
0x00007ffca8960000 - 0x00007ffca8970000 	C:\Users\hp\.vscode\extensions\redhat.java-1.50.0-win32-x64\jre\21.0.9-win32-x86_64\bin\net.dll
0x00007ffcc7160000 - 0x00007ffcc728c000 	C:\WINDOWS\SYSTEM32\WINHTTP.dll
0x00007ffccb1a0000 - 0x00007ffccb209000 	C:\WINDOWS\system32\mswsock.dll
0x00007ffca7090000 - 0x00007ffca70a6000 	C:\Users\hp\.vscode\extensions\redhat.java-1.50.0-win32-x64\jre\21.0.9-win32-x86_64\bin\nio.dll
0x00007ffca7100000 - 0x00007ffca7110000 	c:\Users\hp\.vscode\extensions\redhat.java-1.50.0-win32-x64\jre\21.0.9-win32-x86_64\bin\verify.dll
0x00007ffc811b0000 - 0x00007ffc811f4000 	C:\Users\hp\AppData\Roaming\Code\User\globalStorage\redhat.java\1.50.0\config_win\org.eclipse.equinox.launcher\org.eclipse.equinox.launcher.win32.win32.x86_64_1.2.1400.v20250801-0854\eclipse_11916.dll
0x00007ffccd830000 - 0x00007ffccd9d0000 	C:\WINDOWS\System32\ole32.dll
0x00007ffccb4f0000 - 0x00007ffccb50b000 	C:\WINDOWS\SYSTEM32\CRYPTSP.dll
0x00007ffccac40000 - 0x00007ffccac77000 	C:\WINDOWS\system32\rsaenh.dll
0x00007ffccb240000 - 0x00007ffccb268000 	C:\WINDOWS\SYSTEM32\USERENV.dll
0x00007ffccb4d0000 - 0x00007ffccb4dc000 	C:\WINDOWS\SYSTEM32\CRYPTBASE.dll
0x00007ffcca760000 - 0x00007ffcca78d000 	C:\WINDOWS\SYSTEM32\IPHLPAPI.DLL
0x00007ffccd9d0000 - 0x00007ffccd9d9000 	C:\WINDOWS\System32\NSI.dll
0x00007ffc80c60000 - 0x00007ffc80ca9000 	C:\Program Files\KMSpico\temp\jna-3336\jna13265290948459769755.dll
0x00007ffccda60000 - 0x00007ffccda68000 	C:\WINDOWS\System32\PSAPI.DLL

JVMTI agents:
c:\Users\hp\.vscode\extensions\redhat.java-1.50.0-win32-x64\lombok\lombok-1.18.39-4050.jar path:c:\Users\hp\.vscode\extensions\redhat.java-1.50.0-win32-x64\jre\21.0.9-win32-x86_64\bin\instrument.dll, loaded, initialized, instrumentlib options:none

dbghelp: loaded successfully - version: 4.0.5 - missing functions: none
symbol engine: initialized successfully - sym options: 0x614 - pdb path: .;c:\Users\hp\.vscode\extensions\redhat.java-1.50.0-win32-x64\jre\21.0.9-win32-x86_64\bin;C:\WINDOWS\SYSTEM32;C:\WINDOWS\WinSxS\amd64_microsoft.windows.common-controls_6595b64144ccf1df_6.0.22621.6060_none_2712eda17382d24b;c:\Users\hp\.vscode\extensions\redhat.java-1.50.0-win32-x64\jre\21.0.9-win32-x86_64\bin\server;C:\Users\hp\AppData\Roaming\Code\User\globalStorage\redhat.java\1.50.0\config_win\org.eclipse.equinox.launcher\org.eclipse.equinox.launcher.win32.win32.x86_64_1.2.1400.v20250801-0854;C:\Program Files\KMSpico\temp\jna-3336

VM Arguments:
jvm_args: --add-modules=ALL-SYSTEM --add-opens=java.base/java.util=ALL-UNNAMED --add-opens=java.base/java.lang=ALL-UNNAMED --add-opens=java.base/sun.nio.fs=ALL-UNNAMED -Declipse.application=org.eclipse.jdt.ls.core.id1 -Dosgi.bundles.defaultStartLevel=4 -Declipse.product=org.eclipse.jdt.ls.core.product -Djava.import.generatesMetadataFilesAtProjectRoot=false -DDetectVMInstallationsJob.disabled=true -Dfile.encoding=utf8 -XX:+UseParallelGC -XX:GCTimeRatio=4 -XX:AdaptiveSizePolicyWeight=90 -Dsun.zip.disableMemoryMapping=true -Xmx2G -Xms100m -Xlog:disable -javaagent:c:\Users\hp\.vscode\extensions\redhat.java-1.50.0-win32-x64\lombok\lombok-1.18.39-4050.jar -XX:+HeapDumpOnOutOfMemoryError -XX:HeapDumpPath=c:\Users\hp\AppData\Roaming\Code\User\workspaceStorage\7932a99f4691267cba385edcc2153a8b\redhat.java -Daether.dependencyCollector.impl=bf 
java_command: c:\Users\hp\.vscode\extensions\redhat.java-1.50.0-win32-x64\server\plugins\org.eclipse.equinox.launcher_1.7.100.v20251111-0406.jar -configuration c:\Users\hp\AppData\Roaming\Code\User\globalStorage\redhat.java\1.50.0\config_win -data c:\Users\hp\AppData\Roaming\Code\User\workspaceStorage\7932a99f4691267cba385edcc2153a8b\redhat.java\jdt_ws --pipe=\\.\pipe\lsp-1034213596645cf70c4914faa9d3767b-sock
java_class_path (initial): c:\Users\hp\.vscode\extensions\redhat.java-1.50.0-win32-x64\server\plugins\org.eclipse.equinox.launcher_1.7.100.v20251111-0406.jar
Launcher Type: SUN_STANDARD

[Global flags]
    uintx AdaptiveSizePolicyWeight                 = 90                                        {product} {command line}
     intx CICompilerCount                          = 4                                         {product} {ergonomic}
    uintx GCTimeRatio                              = 4                                         {product} {command line}
     bool HeapDumpOnOutOfMemoryError               = true                                   {manageable} {command line}
    ccstr HeapDumpPath                             = c:\Users\hp\AppData\Roaming\Code\User\workspaceStorage\7932a99f4691267cba385edcc2153a8b\redhat.java         {manageable} {command line}
   size_t InitialHeapSize                          = 104857600                                 {product} {command line}
   size_t MaxHeapSize                              = 2147483648                                {product} {command line}
   size_t MaxNewSize                               = 715653120                                 {product} {ergonomic}
   size_t MinHeapDeltaBytes                        = 524288                                    {product} {ergonomic}
   size_t MinHeapSize                              = 104857600                                 {product} {command line}
   size_t NewSize                                  = 34603008                                  {product} {ergonomic}
    uintx NonNMethodCodeHeapSize                   = 5839372                                {pd product} {ergonomic}
    uintx NonProfiledCodeHeapSize                  = 122909434                              {pd product} {ergonomic}
   size_t OldSize                                  = 70254592                                  {product} {ergonomic}
    uintx ProfiledCodeHeapSize                     = 122909434                              {pd product} {ergonomic}
    uintx ReservedCodeCacheSize                    = 251658240                              {pd product} {ergonomic}
     bool SegmentedCodeCache                       = true                                      {product} {ergonomic}
   size_t SoftMaxHeapSize                          = 2147483648                             {manageable} {ergonomic}
     bool UseCompressedOops                        = true                           {product lp64_product} {ergonomic}
     bool UseLargePagesIndividualAllocation        = false                                  {pd product} {ergonomic}
     bool UseParallelGC                            = true                                      {product} {command line}

Logging:
Log output configuration:
 #0: stdout all=off uptime,level,tags foldmultilines=false
 #1: stderr all=off uptime,level,tags foldmultilines=false

Release file:
JAVA_VERSION="21.0.9" 
MODULES="java.base java.compiler java.datatransfer java.xml java.prefs java.desktop java.instrument java.logging java.management java.security.sasl java.naming java.rmi java.management.rmi java.net.http java.scripting java.security.jgss java.transaction.xa java.sql java.sql.rowset java.xml.crypto java.se java.smartcardio jdk.accessibility jdk.internal.jvmstat jdk.attach jdk.charsets jdk.internal.opt jdk.zipfs jdk.compiler jdk.crypto.ec jdk.crypto.cryptoki jdk.crypto.mscapi jdk.dynalink jdk.internal.ed jdk.editpad jdk.hotspot.agent jdk.httpserver jdk.internal.le jdk.internal.vm.ci jdk.internal.vm.compiler jdk.internal.vm.compiler.management jdk.jartool jdk.javadoc jdk.jcmd jdk.management jdk.management.agent jdk.jconsole jdk.jdeps jdk.jdwp.agent jdk.jdi jdk.jfr jdk.jshell jdk.jsobject jdk.jstatd jdk.localedata jdk.management.jfr jdk.naming.dns jdk.naming.rmi jdk.net jdk.nio.mapmode jdk.random jdk.sctp jdk.security.auth jdk.security.jgss jdk.unsupported jdk.unsupported.desktop jdk.xml.dom" 

Environment Variables:
PATH=C:\app\hp\product\21c\dbhomeXE\bin;C:\wamp64\bin\php\php8.3.14\;C:\wamp64\bin\php\php8.3.14;C:\Program Files\Common Files\Oracle\Java\javapath;C:\WINDOWS\system32;C:\WINDOWS;C:\WINDOWS\System32\Wbem;C:\WINDOWS\System32\WindowsPowerShell\v1.0\;C:\WINDOWS\System32\OpenSSH\;C:\Program Files (x86)\National Instruments\Shared\LabVIEW CLI;C:\Program Files\Java\jdk-23\bin;C:\Program Files\Git\cmd;C:\ProgramData\ComposerSetup\bin;C:\wamp64\bin\php\php8.3.14;C:\Program Files\nodejs\;C:\Program Files\MongoDB\Server\8.2\bin;C:\Program Files\MongoDB\Tools\100\bin;C:\Users\hp\AppData\Local\Programs\Python\Python311\Scripts\;C:\Users\hp\AppData\Local\Programs\Python\Python311\;C:\Users\hp\AppData\Local\Microsoft\WindowsApps;;C:\Program Files\JetBrains\IntelliJ IDEA Community Edition 2022.3.1\bin;;C:\Users\hp\AppData\Local\Programs\Microsoft VS Code\bin;C:\Users\hp\AppData\Roaming\Composer\vendor\bin;C:\Users\hp\AppData\Roaming\npm;C:\Users\hp\AppData\Local\Microsoft\WinGet\Packages\Google.PlatformTools_Microsoft.Winget.Source_8wekyb3d8bbwe\platform-tools;C:\Program Files (x86)\MongoDB Atlas CLI\;C:\Users\hp\AppData\Local\Programs\mongosh\
USERNAME=hp
OS=Windows_NT
PROCESSOR_IDENTIFIER=AMD64 Family 23 Model 24 Stepping 1, AuthenticAMD
TMP=C:\PROGRA~1\KMSpico\temp
TEMP=C:\PROGRA~1\KMSpico\temp




Periodic native trim disabled

---------------  S Y S T E M  ---------------

OS:
 Windows 11 , 64 bit Build 22621 (10.0.22621.5415)
OS uptime: 8 days 12:31 hours
Hyper-V role detected

CPU: total 8 (initial active 8) (8 cores per cpu, 2 threads per core) family 23 model 24 stepping 1 microcode 0x0, cx8, cmov, fxsr, ht, mmx, 3dnowpref, sse, sse2, sse3, ssse3, sse4a, sse4.1, sse4.2, popcnt, lzcnt, tsc, tscinvbit, avx, avx2, aes, clmul, bmi1, bmi2, adx, sha, fma, vzeroupper, clflush, clflushopt, hv, rdtscp, f16c
Processor Information for the first 8 processors :
  Max Mhz: 2100, Current Mhz: 2100, Mhz Limit: 2100

Memory: 4k page, system-wide physical 6071M (161M free)
TotalPageFile size 24503M (AvailPageFile size 0M)
current process WorkingSet (physical memory assigned to process): 142M, peak: 142M
current process commit charge ("private bytes"): 274M, peak: 282M

vm_info: OpenJDK 64-Bit Server VM (21.0.9+10-LTS) for windows-amd64 JRE (21.0.9+10-LTS), built on 2025-10-21T00:00:00Z by "admin" with unknown MS VC++:1942

END.
